Tue, 08 Jan 2019 11:11:09 simplelogger.py[line:23] INFO Field name is:Status
Tue, 08 Jan 2019 11:11:10 simplelogger.py[line:23] INFO Field name is:Severity
Tue, 08 Jan 2019 11:11:10 simplelogger.py[line:23] INFO Field name is:Priority
Tue, 08 Jan 2019 11:11:10 simplelogger.py[line:23] INFO Field name is:Priority
Tue, 08 Jan 2019 11:11:10 simplelogger.py[line:23] INFO Field name is:Priority
Tue, 08 Jan 2019 11:11:10 simplelogger.py[line:23] INFO Field name is:Priority
Tue, 08 Jan 2019 11:11:10 simplelogger.py[line:23] INFO Field name is:Priority
Tue, 08 Jan 2019 11:11:10 simplelogger.py[line:23] INFO Field name is:Priority
Tue, 08 Jan 2019 11:11:10 simplelogger.py[line:23] INFO Field name is:Priority
Tue, 08 Jan 2019 11:11:10 simplelogger.py[line:23] INFO Field name is:Team
Tue, 08 Jan 2019 11:11:10 simplelogger.py[line:23] INFO Field name is:IssueCategory
Tue, 08 Jan 2019 11:11:10 simplelogger.py[line:23] INFO Field name is:ProjectPhase
Tue, 08 Jan 2019 11:11:10 simplelogger.py[line:23] INFO Field name is:DeviceOS
Tue, 08 Jan 2019 11:11:11 simplelogger.py[line:23] INFO Field name is:DeviceOS
Tue, 08 Jan 2019 11:11:11 simplelogger.py[line:23] INFO Field name is:Processor
Tue, 08 Jan 2019 11:11:11 simplelogger.py[line:23] INFO Field name is:Title
Tue, 08 Jan 2019 11:11:11 simplelogger.py[line:23] INFO Field name is:Desc
Tue, 08 Jan 2019 11:11:11 simplelogger.py[line:23] INFO Field name is:Desc
Tue, 08 Jan 2019 11:11:11 simplelogger.py[line:23] INFO Field name is:Severity
Tue, 08 Jan 2019 11:11:11 simplelogger.py[line:23] INFO Field name is:Severity
Tue, 08 Jan 2019 11:11:11 simplelogger.py[line:23] INFO Field name is:Priority
Tue, 08 Jan 2019 11:11:11 simplelogger.py[line:23] INFO Field name is:IssueCategory
Tue, 08 Jan 2019 11:11:11 simplelogger.py[line:23] INFO Field name is:Status
Tue, 08 Jan 2019 11:11:11 simplelogger.py[line:23] INFO Field name is:Status
Tue, 08 Jan 2019 11:11:11 simplelogger.py[line:23] INFO Field name is:0
Tue, 08 Jan 2019 11:11:11 simplelogger.py[line:23] INFO Field name is:Status
Tue, 08 Jan 2019 11:11:11 simplelogger.py[line:23] INFO Field name is:0
Tue, 08 Jan 2019 11:12:02 simplelogger.py[line:23] INFO Field name is:Severity
Tue, 08 Jan 2019 11:12:02 simplelogger.py[line:23] INFO Field name is:Priority
Tue, 08 Jan 2019 11:12:02 simplelogger.py[line:23] INFO Field name is:Priority
Tue, 08 Jan 2019 11:12:02 simplelogger.py[line:23] INFO Field name is:Priority
Tue, 08 Jan 2019 11:12:02 simplelogger.py[line:23] INFO Field name is:Priority
Tue, 08 Jan 2019 11:12:02 simplelogger.py[line:23] INFO Field name is:Priority
Tue, 08 Jan 2019 11:12:02 simplelogger.py[line:23] INFO Field name is:Priority
Tue, 08 Jan 2019 11:12:02 simplelogger.py[line:23] INFO Field name is:Priority
Tue, 08 Jan 2019 11:12:02 simplelogger.py[line:23] INFO Field name is:Team
Tue, 08 Jan 2019 11:12:02 simplelogger.py[line:23] INFO Field name is:IssueCategory
Tue, 08 Jan 2019 11:12:02 simplelogger.py[line:23] INFO Field name is:ProjectPhase
Tue, 08 Jan 2019 11:12:02 simplelogger.py[line:23] INFO Field name is:DeviceOS
Tue, 08 Jan 2019 11:12:02 simplelogger.py[line:23] INFO Field name is:DeviceOS
Tue, 08 Jan 2019 11:12:02 simplelogger.py[line:23] INFO Field name is:Processor
Tue, 08 Jan 2019 11:12:02 simplelogger.py[line:23] INFO Field name is:Title
Tue, 08 Jan 2019 11:12:02 simplelogger.py[line:23] INFO Field name is:Desc
Tue, 08 Jan 2019 11:12:02 simplelogger.py[line:23] INFO Field name is:Desc
Tue, 08 Jan 2019 11:12:02 simplelogger.py[line:23] INFO Field name is:Severity
Tue, 08 Jan 2019 11:12:03 simplelogger.py[line:23] INFO Field name is:Severity
Tue, 08 Jan 2019 11:12:03 simplelogger.py[line:23] INFO Field name is:Priority
Tue, 08 Jan 2019 11:12:03 simplelogger.py[line:23] INFO Field name is:IssueCategory
Tue, 08 Jan 2019 11:12:03 simplelogger.py[line:23] INFO Field name is:Status
Tue, 08 Jan 2019 11:12:03 simplelogger.py[line:23] INFO Field name is:Status
Tue, 08 Jan 2019 11:12:03 simplelogger.py[line:23] INFO Field name is:0
Tue, 08 Jan 2019 11:12:03 simplelogger.py[line:23] INFO Field name is:Status
Tue, 08 Jan 2019 11:12:03 simplelogger.py[line:23] INFO Field name is:0
Tue, 08 Jan 2019 11:13:33 simplelogger.py[line:23] INFO Field name is:Severity
Tue, 08 Jan 2019 11:13:33 simplelogger.py[line:23] INFO Field name is:Priority
Tue, 08 Jan 2019 11:13:33 simplelogger.py[line:23] INFO Field name is:Priority
Tue, 08 Jan 2019 11:13:33 simplelogger.py[line:23] INFO Field name is:Priority
Tue, 08 Jan 2019 11:13:33 simplelogger.py[line:23] INFO Field name is:Priority
Tue, 08 Jan 2019 11:13:33 simplelogger.py[line:23] INFO Field name is:Priority
Tue, 08 Jan 2019 11:13:33 simplelogger.py[line:23] INFO Field name is:Priority
Tue, 08 Jan 2019 11:13:33 simplelogger.py[line:23] INFO Field name is:Priority
Tue, 08 Jan 2019 11:13:33 simplelogger.py[line:23] INFO Field name is:Team
Tue, 08 Jan 2019 11:13:33 simplelogger.py[line:23] INFO Field name is:IssueCategory
Tue, 08 Jan 2019 11:13:34 simplelogger.py[line:23] INFO Field name is:ProjectPhase
Tue, 08 Jan 2019 11:13:34 simplelogger.py[line:23] INFO Field name is:DeviceOS
Tue, 08 Jan 2019 11:13:34 simplelogger.py[line:23] INFO Field name is:DeviceOS
Tue, 08 Jan 2019 11:13:34 simplelogger.py[line:23] INFO Field name is:Processor
Tue, 08 Jan 2019 11:13:34 simplelogger.py[line:23] INFO Field name is:Title
Tue, 08 Jan 2019 11:13:34 simplelogger.py[line:23] INFO Field name is:Desc
Tue, 08 Jan 2019 11:13:34 simplelogger.py[line:23] INFO Field name is:Desc
Tue, 08 Jan 2019 11:13:34 simplelogger.py[line:23] INFO Field name is:Severity
Tue, 08 Jan 2019 11:13:34 simplelogger.py[line:23] INFO Field name is:Severity
Tue, 08 Jan 2019 11:13:34 simplelogger.py[line:23] INFO Field name is:Priority
Tue, 08 Jan 2019 11:13:34 simplelogger.py[line:23] INFO Field name is:IssueCategory
Tue, 08 Jan 2019 11:13:34 simplelogger.py[line:23] INFO Field name is:Status
Tue, 08 Jan 2019 11:13:34 simplelogger.py[line:23] INFO Field name is:Status
Tue, 08 Jan 2019 11:13:34 simplelogger.py[line:23] INFO Field name is:0
Tue, 08 Jan 2019 11:13:34 simplelogger.py[line:23] INFO Field name is:Status
Tue, 08 Jan 2019 11:13:34 simplelogger.py[line:23] INFO Field name is:0
Tue, 08 Jan 2019 11:21:25 simplelogger.py[line:23] INFO Field name is:Status
Tue, 08 Jan 2019 11:21:27 simplelogger.py[line:23] INFO Field name is:Severity
Tue, 08 Jan 2019 11:21:27 simplelogger.py[line:23] INFO Field name is:Priority
Tue, 08 Jan 2019 11:21:27 simplelogger.py[line:23] INFO Field name is:Priority
Tue, 08 Jan 2019 11:21:27 simplelogger.py[line:23] INFO Field name is:Priority
Tue, 08 Jan 2019 11:21:27 simplelogger.py[line:23] INFO Field name is:Priority
Tue, 08 Jan 2019 11:21:27 simplelogger.py[line:23] INFO Field name is:Priority
Tue, 08 Jan 2019 11:21:27 simplelogger.py[line:23] INFO Field name is:Priority
Tue, 08 Jan 2019 11:21:27 simplelogger.py[line:23] INFO Field name is:Priority
Tue, 08 Jan 2019 11:21:27 simplelogger.py[line:23] INFO Field name is:Team
Tue, 08 Jan 2019 11:21:27 simplelogger.py[line:23] INFO Field name is:IssueCategory
Tue, 08 Jan 2019 11:21:27 simplelogger.py[line:23] INFO Field name is:ProjectPhase
Tue, 08 Jan 2019 11:21:27 simplelogger.py[line:23] INFO Field name is:DeviceOS
Tue, 08 Jan 2019 11:21:27 simplelogger.py[line:23] INFO Field name is:DeviceOS
Tue, 08 Jan 2019 11:21:27 simplelogger.py[line:23] INFO Field name is:Processor
Tue, 08 Jan 2019 11:21:27 simplelogger.py[line:23] INFO Field name is:Title
Tue, 08 Jan 2019 11:21:27 simplelogger.py[line:23] INFO Field name is:Desc
Tue, 08 Jan 2019 11:21:27 simplelogger.py[line:23] INFO Field name is:Desc
Tue, 08 Jan 2019 11:21:27 simplelogger.py[line:23] INFO Field name is:Severity
Tue, 08 Jan 2019 11:21:27 simplelogger.py[line:23] INFO Field name is:Severity
Tue, 08 Jan 2019 11:21:27 simplelogger.py[line:23] INFO Field name is:Priority
Tue, 08 Jan 2019 11:21:27 simplelogger.py[line:23] INFO Field name is:IssueCategory
Tue, 08 Jan 2019 11:21:27 simplelogger.py[line:23] INFO Field name is:Status
Tue, 08 Jan 2019 11:21:27 simplelogger.py[line:23] INFO Field name is:Status
Tue, 08 Jan 2019 11:21:27 simplelogger.py[line:23] INFO Field name is:0
Tue, 08 Jan 2019 11:21:27 simplelogger.py[line:23] INFO Field name is:Status
Tue, 08 Jan 2019 11:21:27 simplelogger.py[line:23] INFO Field name is:0
Tue, 08 Jan 2019 11:21:27 simplelogger.py[line:23] INFO Field name is:Status
Tue, 08 Jan 2019 11:21:27 simplelogger.py[line:23] INFO Field name is:0
